{"/home/evo/genDiff/src/diff.js": {"path":"/home/evo/genDiff/src/diff.js","statementMap":{"0":{"start":{"line":3,"column":13},"end":{"line":47,"column":1}},"1":{"start":{"line":4,"column":25},"end":{"line":4,"column":57}},"2":{"start":{"line":6,"column":16},"end":{"line":6,"column":34}},"3":{"start":{"line":7,"column":16},"end":{"line":7,"column":34}},"4":{"start":{"line":9,"column":22},"end":{"line":9,"column":38}},"5":{"start":{"line":10,"column":22},"end":{"line":10,"column":38}},"6":{"start":{"line":12,"column":26},"end":{"line":26,"column":8}},"7":{"start":{"line":13,"column":4},"end":{"line":15,"column":5}},"8":{"start":{"line":14,"column":6},"end":{"line":14,"column":44}},"9":{"start":{"line":17,"column":4},"end":{"line":23,"column":5}},"10":{"start":{"line":18,"column":6},"end":{"line":22,"column":7}},"11":{"start":{"line":19,"column":8},"end":{"line":19,"column":46}},"12":{"start":{"line":21,"column":8},"end":{"line":21,"column":46}},"13":{"start":{"line":25,"column":4},"end":{"line":25,"column":15}},"14":{"start":{"line":28,"column":25},"end":{"line":40,"column":8}},"15":{"start":{"line":29,"column":4},"end":{"line":31,"column":5}},"16":{"start":{"line":30,"column":6},"end":{"line":30,"column":44}},"17":{"start":{"line":33,"column":4},"end":{"line":37,"column":5}},"18":{"start":{"line":34,"column":6},"end":{"line":36,"column":7}},"19":{"start":{"line":35,"column":8},"end":{"line":35,"column":46}},"20":{"start":{"line":39,"column":4},"end":{"line":39,"column":15}},"21":{"start":{"line":42,"column":18},"end":{"line":42,"column":57}},"22":{"start":{"line":44,"column":24},"end":{"line":44,"column":42}},"23":{"start":{"line":46,"column":2},"end":{"line":46,"column":36}}},"fnMap":{"0":{"name":"(anonymous_0)","decl":{"start":{"line":3,"column":13},"end":{"line":3,"column":14}},"loc":{"start":{"line":3,"column":39},"end":{"line":47,"column":1}},"line":3},"1":{"name":"(anonymous_1)","decl":{"start":{"line":12,"column":45},"end":{"line":12,"column":46}},"loc":{"start":{"line":12,"column":59},"end":{"line":26,"column":3}},"line":12},"2":{"name":"(anonymous_2)","decl":{"start":{"line":28,"column":44},"end":{"line":28,"column":45}},"loc":{"start":{"line":28,"column":58},"end":{"line":40,"column":3}},"line":28}},"branchMap":{"0":{"loc":{"start":{"line":13,"column":4},"end":{"line":15,"column":5}},"type":"if","locations":[{"start":{"line":13,"column":4},"end":{"line":15,"column":5}},{"start":{},"end":{}}],"line":13},"1":{"loc":{"start":{"line":13,"column":8},"end":{"line":13,"column":63}},"type":"binary-expr","locations":[{"start":{"line":13,"column":8},"end":{"line":13,"column":33}},{"start":{"line":13,"column":37},"end":{"line":13,"column":63}}],"line":13},"2":{"loc":{"start":{"line":17,"column":4},"end":{"line":23,"column":5}},"type":"if","locations":[{"start":{"line":17,"column":4},"end":{"line":23,"column":5}},{"start":{},"end":{}}],"line":17},"3":{"loc":{"start":{"line":17,"column":8},"end":{"line":17,"column":62}},"type":"binary-expr","locations":[{"start":{"line":17,"column":8},"end":{"line":17,"column":33}},{"start":{"line":17,"column":37},"end":{"line":17,"column":62}}],"line":17},"4":{"loc":{"start":{"line":18,"column":6},"end":{"line":22,"column":7}},"type":"if","locations":[{"start":{"line":18,"column":6},"end":{"line":22,"column":7}},{"start":{"line":20,"column":13},"end":{"line":22,"column":7}}],"line":18},"5":{"loc":{"start":{"line":29,"column":4},"end":{"line":31,"column":5}},"type":"if","locations":[{"start":{"line":29,"column":4},"end":{"line":31,"column":5}},{"start":{},"end":{}}],"line":29},"6":{"loc":{"start":{"line":29,"column":8},"end":{"line":29,"column":63}},"type":"binary-expr","locations":[{"start":{"line":29,"column":8},"end":{"line":29,"column":34}},{"start":{"line":29,"column":38},"end":{"line":29,"column":63}}],"line":29},"7":{"loc":{"start":{"line":33,"column":4},"end":{"line":37,"column":5}},"type":"if","locations":[{"start":{"line":33,"column":4},"end":{"line":37,"column":5}},{"start":{},"end":{}}],"line":33},"8":{"loc":{"start":{"line":33,"column":8},"end":{"line":33,"column":62}},"type":"binary-expr","locations":[{"start":{"line":33,"column":8},"end":{"line":33,"column":33}},{"start":{"line":33,"column":37},"end":{"line":33,"column":62}}],"line":33},"9":{"loc":{"start":{"line":34,"column":6},"end":{"line":36,"column":7}},"type":"if","locations":[{"start":{"line":34,"column":6},"end":{"line":36,"column":7}},{"start":{},"end":{}}],"line":34}},"s":{"0":1,"1":1,"2":1,"3":1,"4":1,"5":1,"6":1,"7":4,"8":2,"9":4,"10":2,"11":1,"12":1,"13":4,"14":1,"15":3,"16":1,"17":3,"18":2,"19":1,"20":3,"21":1,"22":1,"23":1},"f":{"0":1,"1":4,"2":3},"b":{"0":[2,2],"1":[4,4],"2":[2,2],"3":[4,4],"4":[1,1],"5":[1,2],"6":[3,1],"7":[2,1],"8":[3,2],"9":[1,1]},"_coverageSchema":"1a1c01bbd47fc00a2c39e90264f33305004495a9","hash":"eb3ea5216bb3f7df06800ee4d6a85fefd5286602"}
,"/home/evo/genDiff/src/parsers.js": {"path":"/home/evo/genDiff/src/parsers.js","statementMap":{"0":{"start":{"line":4,"column":19},"end":{"line":15,"column":1}},"1":{"start":{"line":5,"column":16},"end":{"line":5,"column":39}},"2":{"start":{"line":6,"column":16},"end":{"line":6,"column":39}},"3":{"start":{"line":8,"column":21},"end":{"line":8,"column":43}},"4":{"start":{"line":9,"column":21},"end":{"line":9,"column":43}},"5":{"start":{"line":11,"column":22},"end":{"line":11,"column":44}},"6":{"start":{"line":12,"column":22},"end":{"line":12,"column":44}},"7":{"start":{"line":14,"column":2},"end":{"line":14,"column":36}}},"fnMap":{"0":{"name":"(anonymous_0)","decl":{"start":{"line":4,"column":19},"end":{"line":4,"column":20}},"loc":{"start":{"line":4,"column":45},"end":{"line":15,"column":1}},"line":4}},"branchMap":{},"s":{"0":1,"1":1,"2":1,"3":1,"4":1,"5":1,"6":1,"7":1},"f":{"0":1},"b":{},"_coverageSchema":"1a1c01bbd47fc00a2c39e90264f33305004495a9","hash":"3262866b9f04b4545d868495245f979f7abf4cd6"}
}
