TN:
SF:src/diff.js
FN:3,(anonymous_0)
FN:12,(anonymous_1)
FN:28,(anonymous_2)
FNF:3
FNH:3
FNDA:1,(anonymous_0)
FNDA:4,(anonymous_1)
FNDA:3,(anonymous_2)
DA:3,1
DA:4,1
DA:6,1
DA:7,1
DA:9,1
DA:10,1
DA:12,1
DA:13,4
DA:14,2
DA:17,4
DA:18,2
DA:19,1
DA:21,1
DA:25,4
DA:28,1
DA:29,3
DA:30,1
DA:33,3
DA:34,2
DA:35,1
DA:39,3
DA:42,1
DA:44,1
DA:46,1
LF:24
LH:24
BRDA:13,0,0,2
BRDA:13,0,1,2
BRDA:13,1,0,4
BRDA:13,1,1,4
BRDA:17,2,0,2
BRDA:17,2,1,2
BRDA:17,3,0,4
BRDA:17,3,1,4
BRDA:18,4,0,1
BRDA:18,4,1,1
BRDA:29,5,0,1
BRDA:29,5,1,2
BRDA:29,6,0,3
BRDA:29,6,1,1
BRDA:33,7,0,2
BRDA:33,7,1,1
BRDA:33,8,0,3
BRDA:33,8,1,2
BRDA:34,9,0,1
BRDA:34,9,1,1
BRF:20
BRH:20
end_of_record
TN:
SF:src/parsers.js
FN:4,(anonymous_0)
FNF:1
FNH:1
FNDA:1,(anonymous_0)
DA:4,1
DA:5,1
DA:6,1
DA:8,1
DA:9,1
DA:11,1
DA:12,1
DA:14,1
LF:8
LH:8
BRF:0
BRH:0
end_of_record
